<?xml version="1.0" encoding="UTF-8"?>
<!-- Generated by org.testng.reporters.JUnitReportReporter -->
<testsuite hostname="SPMUMLAP-070" failures="0" tests="1" name="com.test.BusinessInformation_Modules.Land_AllScenarios" time="169.420" errors="0" timestamp="2025-01-15T18:09:00 IST" skipped="0">
  <testcase classname="com.test.BusinessInformation_Modules.Land_AllScenarios" name="RUNALL" time="169.420"/>
</testsuite> <!-- com.test.BusinessInformation_Modules.Land_AllScenarios -->
