<?xml version="1.0" encoding="UTF-8"?>
<!-- Generated by org.testng.reporters.JUnitReportReporter -->
<testsuite hostname="SPMUMLAP-070" failures="0" tests="1" name="com.test.BusinessInformation_Modules.Tentative_Project_Cost_AllScenarios" time="97.074" errors="0" timestamp="2025-01-02T16:54:21 IST" skipped="0">
  <testcase classname="com.test.BusinessInformation_Modules.Tentative_Project_Cost_AllScenarios" name="RUNALL" time="97.074"/>
</testsuite> <!-- com.test.BusinessInformation_Modules.Tentative_Project_Cost_AllScenarios -->
