<?xml version="1.0" encoding="UTF-8"?>
<!-- Generated by org.testng.reporters.JUnitReportReporter -->
<testsuite hostname="SPMUMLAP-070" failures="0" tests="1" name="com.test.BusinessInformation_Modules.Vehicle_Details_AllScenarios" time="172.857" errors="0" timestamp="2025-01-21T18:31:57 IST" skipped="0">
  <testcase classname="com.test.BusinessInformation_Modules.Vehicle_Details_AllScenarios" name="RUNALL" time="172.857"/>
</testsuite> <!-- com.test.BusinessInformation_Modules.Vehicle_Details_AllScenarios -->
