<?xml version="1.0" encoding="UTF-8"?>
<!-- Generated by org.testng.reporters.JUnitReportReporter -->
<testsuite hostname="SPMUMLAP-070" failures="0" tests="1" name="com.test.BusinessInformation_Modules.Deposit_Details_AllScenarios" time="173.801" errors="0" timestamp="2025-01-22T17:02:37 IST" skipped="0">
  <testcase classname="com.test.BusinessInformation_Modules.Deposit_Details_AllScenarios" name="RUNALL" time="173.801"/>
</testsuite> <!-- com.test.BusinessInformation_Modules.Deposit_Details_AllScenarios -->
