<?xml version="1.0" encoding="UTF-8"?>
<!-- Generated by org.testng.reporters.JUnitReportReporter -->
<testsuite hostname="SPMUMLAP-070" failures="0" tests="1" name="com.test.BusinessInformation_Modules.Entity_Details_AllScenarios" time="728.905" errors="0" timestamp="2025-01-08T16:39:15 IST" skipped="0">
  <testcase classname="com.test.BusinessInformation_Modules.Entity_Details_AllScenarios" name="RUNALL" time="728.905"/>
</testsuite> <!-- com.test.BusinessInformation_Modules.Entity_Details_AllScenarios -->
