<?xml version="1.0" encoding="UTF-8"?>
<!-- Generated by org.testng.reporters.JUnitReportReporter -->
<testsuite hostname="SPMUMLAP-087" failures="0" tests="1" name="com.test.user.TimesheetModule.AllScenarios_TimesheetOnBehalf" time="168.376" errors="0" timestamp="2024-10-24T18:26:29 IST" skipped="0">
  <testcase classname="com.test.user.TimesheetModule.AllScenarios_TimesheetOnBehalf" name="RUNALL" time="168.376"/>
</testsuite> <!-- com.test.user.TimesheetModule.AllScenarios_TimesheetOnBehalf -->
