<?xml version="1.0" encoding="UTF-8"?>
<!-- Generated by org.testng.reporters.JUnitReportReporter -->
<testsuite hostname="SPMUMLAP-087" failures="0" tests="1" name="com.test.user.Recovery.AllScenarios_TimesheetEditDeleteModule" time="147.933" errors="0" timestamp="2024-10-15T17:00:07 IST" skipped="0">
  <testcase classname="com.test.user.Recovery.AllScenarios_TimesheetEditDeleteModule" name="RUNALL" time="147.933"/>
</testsuite> <!-- com.test.user.Recovery.AllScenarios_TimesheetEditDeleteModule -->
