<?xml version="1.0" encoding="UTF-8"?>
<!-- Generated by org.testng.reporters.JUnitReportReporter -->
<testsuite hostname="SPCOKLAP-5333" failures="0" tests="1" name="com.test.user.AllScenarios_Lead" time="463.593" errors="0" timestamp="2022-04-11T20:16:48 IST" skipped="0">
  <testcase classname="com.test.user.AllScenarios_Lead" name="RUNALL" time="463.593"/>
  <system-out/>
</testsuite> <!-- com.test.user.AllScenarios_Lead -->
