<?xml version="1.0" encoding="UTF-8"?>
<!-- Generated by org.testng.reporters.JUnitReportReporter -->
<testsuite hostname="SPMUMLAP-070" failures="0" tests="1" name="com.test.BusinessInformation_Modules.Security_Land_Development_AllScenarios" time="80.345" errors="0" timestamp="2025-02-03T11:45:57 IST" skipped="0">
  <testcase classname="com.test.BusinessInformation_Modules.Security_Land_Development_AllScenarios" name="RUNALL" time="80.345"/>
</testsuite> <!-- com.test.BusinessInformation_Modules.Security_Land_Development_AllScenarios -->
