<?xml version="1.0" encoding="UTF-8"?>
<!-- Generated by org.testng.reporters.JUnitReportReporter -->
<testsuite hostname="SPCOKLAP-5333" failures="0" tests="1" name="com.test.user.AllScenarios_TimeSheet_Approvals" time="437.104" errors="0" timestamp="2022-06-14T12:05:07 IST" skipped="0">
  <testcase classname="com.test.user.AllScenarios_TimeSheet_Approvals" name="RUNALL" time="437.104"/>
  <system-out/>
</testsuite> <!-- com.test.user.AllScenarios_TimeSheet_Approvals -->
