<?xml version="1.0" encoding="UTF-8"?>
<!-- Generated by org.testng.reporters.JUnitReportReporter -->
<testsuite hostname="SPCOKLAP-5333" failures="0" tests="12" name="com.test.user.ExpenseModule.AllScenarios_Expense" time="81.375" errors="0" timestamp="2022-06-23T13:13:46 IST" skipped="0">
  <testcase classname="com.test.user.ExpenseModule.AllScenarios_Expense" name="RUNALL" time="0.001"/>
  <system-out/>
  <testcase classname="com.test.user.ExpenseModule.AllScenarios_Expense" name="RUNALL" time="0.001"/>
  <system-out/>
  <testcase classname="com.test.user.ExpenseModule.AllScenarios_Expense" name="RUNALL" time="0.001"/>
  <system-out/>
  <testcase classname="com.test.user.ExpenseModule.AllScenarios_Expense" name="RUNALL" time="0.002"/>
  <system-out/>
  <testcase classname="com.test.user.ExpenseModule.AllScenarios_Expense" name="RUNALL" time="0.001"/>
  <system-out/>
  <testcase classname="com.test.user.ExpenseModule.AllScenarios_Expense" name="RUNALL" time="0.001"/>
  <system-out/>
  <testcase classname="com.test.user.ExpenseModule.AllScenarios_Expense" name="RUNALL" time="0.000"/>
  <system-out/>
  <testcase classname="com.test.user.ExpenseModule.AllScenarios_Expense" name="RUNALL" time="81.360"/>
  <system-out/>
  <testcase classname="com.test.user.ExpenseModule.AllScenarios_Expense" name="RUNALL" time="0.005"/>
  <system-out/>
  <testcase classname="com.test.user.ExpenseModule.AllScenarios_Expense" name="RUNALL" time="0.001"/>
  <system-out/>
  <testcase classname="com.test.user.ExpenseModule.AllScenarios_Expense" name="RUNALL" time="0.001"/>
  <system-out/>
  <testcase classname="com.test.user.ExpenseModule.AllScenarios_Expense" name="RUNALL" time="0.001"/>
  <system-out/>
</testsuite> <!-- com.test.user.ExpenseModule.AllScenarios_Expense -->
