<?xml version="1.0" encoding="UTF-8"?>
<!-- Generated by org.testng.reporters.JUnitReportReporter -->
<testsuite hostname="SPMUMLAP-087" failures="0" tests="1" name="com.test.user.Project_Allocation.AllScenarios_Project_Allocation_QuickApproval" time="235.564" errors="0" timestamp="2022-07-20T13:06:00 IST" skipped="0">
  <testcase classname="com.test.user.Project_Allocation.AllScenarios_Project_Allocation_QuickApproval" name="RUNALL" time="235.564"/>
  <system-out/>
</testsuite> <!-- com.test.user.Project_Allocation.AllScenarios_Project_Allocation_QuickApproval -->
