<?xml version="1.0" encoding="UTF-8"?>
<!-- Generated by org.testng.reporters.JUnitReportReporter -->
<testsuite hostname="SPMUMLAP-070" failures="0" tests="1" name="com.test.BusinessInformation_Modules.Misc_Fixed_Asset_AllScenarios" time="120.203" errors="0" timestamp="2025-01-21T11:13:50 IST" skipped="0">
  <testcase classname="com.test.BusinessInformation_Modules.Misc_Fixed_Asset_AllScenarios" name="RUNALL" time="120.203"/>
</testsuite> <!-- com.test.BusinessInformation_Modules.Misc_Fixed_Asset_AllScenarios -->
