<?xml version="1.0" encoding="UTF-8"?>
<!-- Generated by org.testng.reporters.JUnitReportReporter -->
<testsuite hostname="SPMUMLAP-087" failures="0" tests="1" name="com.test.user.TicketModule.AllScenarios_Ticket_Dashboard" time="44.901" errors="0" timestamp="2022-06-27T12:28:53 IST" skipped="0">
  <testcase classname="com.test.user.TicketModule.AllScenarios_Ticket_Dashboard" name="RUNALL" time="44.901"/>
  <system-out/>
</testsuite> <!-- com.test.user.TicketModule.AllScenarios_Ticket_Dashboard -->
