<?xml version="1.0" encoding="UTF-8"?>
<!-- Generated by org.testng.reporters.JUnitReportReporter -->
<testsuite hostname="SPMUMLAP-070" failures="0" tests="1" name="com.test.BusinessInformation_Modules.Utilities_AllScenarios" time="136.464" errors="0" timestamp="2025-01-20T13:31:21 IST" skipped="0">
  <testcase classname="com.test.BusinessInformation_Modules.Utilities_AllScenarios" name="RUNALL" time="136.464"/>
</testsuite> <!-- com.test.BusinessInformation_Modules.Utilities_AllScenarios -->
