<?xml version="1.0" encoding="UTF-8"?>
<!-- Generated by org.testng.reporters.JUnitReportReporter -->
<testsuite hostname="SPMUMLAP-070" failures="0" tests="1" name="com.test.BusinessInformation_Modules.Land_Development_AllScenarios" time="116.227" errors="0" timestamp="2025-01-16T13:44:17 IST" skipped="0">
  <testcase classname="com.test.BusinessInformation_Modules.Land_Development_AllScenarios" name="RUNALL" time="116.227"/>
</testsuite> <!-- com.test.BusinessInformation_Modules.Land_Development_AllScenarios -->
