<?xml version="1.0" encoding="UTF-8"?>
<!-- Generated by org.testng.reporters.JUnitReportReporter -->
<testsuite hostname="SPMUMLAP-087" failures="0" tests="1" name="com.test.user.Recovery.AllScenarios_Recovery_Dashboard" time="93.860" errors="0" timestamp="2024-01-08T15:17:34 IST" skipped="0">
  <testcase classname="com.test.user.Recovery.AllScenarios_Recovery_Dashboard" name="RUNALL" time="93.860"/>
  <system-out/>
</testsuite> <!-- com.test.user.Recovery.AllScenarios_Recovery_Dashboard -->
