<?xml version="1.0" encoding="UTF-8"?>
<!-- Generated by org.testng.reporters.JUnitReportReporter -->
<testsuite hostname="SPMUMLAP-087" failures="0" tests="1" name="com.test.user.Project_ClientModule.AllScenarios_Projects_ClientRequest" time="46.461" errors="0" timestamp="2023-01-12T15:17:48 IST" skipped="0">
  <testcase classname="com.test.user.Project_ClientModule.AllScenarios_Projects_ClientRequest" name="RUNALL" time="46.461"/>
  <system-out/>
</testsuite> <!-- com.test.user.Project_ClientModule.AllScenarios_Projects_ClientRequest -->
