<?xml version="1.0" encoding="UTF-8"?>
<!-- Generated by org.testng.reporters.JUnitReportReporter -->
<testsuite hostname="SPMUMLAP-070" failures="0" tests="1" name="com.test.BusinessInformation_Modules.ProjectCost_Document_Upload_AllScenarios" time="74.113" errors="0" timestamp="2025-01-24T11:32:24 IST" skipped="0">
  <testcase classname="com.test.BusinessInformation_Modules.ProjectCost_Document_Upload_AllScenarios" name="RUNALL" time="74.113"/>
</testsuite> <!-- com.test.BusinessInformation_Modules.ProjectCost_Document_Upload_AllScenarios -->
