<?xml version="1.0" encoding="UTF-8"?>
<!-- Generated by org.testng.reporters.JUnitReportReporter -->
<testsuite hostname="SPMUMLAP-070" failures="0" tests="1" name="com.test.BusinessInformation_Modules.Preliminary_Expense_AllScenarios" time="138.215" errors="0" timestamp="2025-01-23T10:43:58 IST" skipped="0">
  <testcase classname="com.test.BusinessInformation_Modules.Preliminary_Expense_AllScenarios" name="RUNALL" time="138.215"/>
</testsuite> <!-- com.test.BusinessInformation_Modules.Preliminary_Expense_AllScenarios -->
