<?xml version="1.0" encoding="UTF-8"?>
<!-- Generated by org.testng.reporters.JUnitReportReporter -->
<testsuite hostname="SPMUMLAP-070" failures="0" tests="1" name="com.test.BusinessInformation_Modules.Technical_Know_AllScenarios" time="114.045" errors="0" timestamp="2025-01-23T12:57:56 IST" skipped="0">
  <testcase classname="com.test.BusinessInformation_Modules.Technical_Know_AllScenarios" name="RUNALL" time="114.045"/>
</testsuite> <!-- com.test.BusinessInformation_Modules.Technical_Know_AllScenarios -->
