<?xml version="1.0" encoding="UTF-8"?>
<!-- Generated by org.testng.reporters.JUnitReportReporter -->
<testsuite hostname="SPMUMLAP-070" failures="0" tests="1" name="com.test.BusinessInformation_Modules.Means_Of_Finance_CalculationScenario" time="61.695" errors="0" timestamp="2025-01-29T16:52:56 IST" skipped="0">
  <testcase classname="com.test.BusinessInformation_Modules.Means_Of_Finance_CalculationScenario" name="RUNALL" time="61.695"/>
</testsuite> <!-- com.test.BusinessInformation_Modules.Means_Of_Finance_CalculationScenario -->
