<?xml version="1.0" encoding="UTF-8"?>
<!-- Generated by org.testng.reporters.JUnitReportReporter -->
<testsuite hostname="SPMUMLAP-087" failures="0" tests="1" name="com.test.user.Project_InvoiceRequest.AllScenarios_Project_FixedProject_Others" time="180.030" errors="0" timestamp="2022-07-26T16:24:35 IST" skipped="0">
  <testcase classname="com.test.user.Project_InvoiceRequest.AllScenarios_Project_FixedProject_Others" name="RUNALL" time="180.030"/>
  <system-out/>
</testsuite> <!-- com.test.user.Project_InvoiceRequest.AllScenarios_Project_FixedProject_Others -->
