<?xml version="1.0" encoding="UTF-8"?>
<!-- Generated by org.testng.reporters.JUnitReportReporter -->
<testsuite hostname="SPMUMLAP-070" failures="0" tests="1" name="com.test.BusinessInformation_Modules.Building_Civil_Work_AllScenarios" time="139.615" errors="0" timestamp="2025-01-17T16:47:42 IST" skipped="0">
  <testcase classname="com.test.BusinessInformation_Modules.Building_Civil_Work_AllScenarios" name="RUNALL" time="139.615"/>
</testsuite> <!-- com.test.BusinessInformation_Modules.Building_Civil_Work_AllScenarios -->
