<?xml version="1.0" encoding="UTF-8"?>
<!-- Generated by org.testng.reporters.JUnitReportReporter -->
<testsuite hostname="SPMUMLAP-087" failures="0" tests="1" name="com.test.user.ProjectsModule.AllScenarios_Projects_PMOClientRequestApproval" time="367.630" errors="0" timestamp="2022-07-05T14:36:48 IST" skipped="0">
  <testcase classname="com.test.user.ProjectsModule.AllScenarios_Projects_PMOClientRequestApproval" name="RUNALL" time="367.630"/>
  <system-out/>
</testsuite> <!-- com.test.user.ProjectsModule.AllScenarios_Projects_PMOClientRequestApproval -->
