<?xml version="1.0" encoding="UTF-8"?>
<!-- Generated by org.testng.reporters.JUnitReportReporter -->
<testsuite hostname="SPMUMLAP-087" failures="0" tests="1" name="com.test.user.TimesheetModule.AllScenarios_TimesheetWeekandMonth" time="527.096" errors="0" timestamp="2024-11-07T11:31:06 IST" skipped="0">
  <testcase classname="com.test.user.TimesheetModule.AllScenarios_TimesheetWeekandMonth" name="RUNALL" time="527.096"/>
</testsuite> <!-- com.test.user.TimesheetModule.AllScenarios_TimesheetWeekandMonth -->
