<?xml version="1.0" encoding="UTF-8"?>
<!-- Generated by org.testng.reporters.JUnitReportReporter -->
<testsuite hostname="SPMUMLAP-087" failures="0" tests="1" name="com.test.user.ProjectsModule.AllSecnarios_Projects_ClientSubmittedRequest" time="86.386" errors="0" timestamp="2022-07-01T18:08:57 IST" skipped="0">
  <testcase classname="com.test.user.ProjectsModule.AllSecnarios_Projects_ClientSubmittedRequest" name="RUNALL" time="86.386"/>
  <system-out/>
</testsuite> <!-- com.test.user.ProjectsModule.AllSecnarios_Projects_ClientSubmittedRequest -->
