<?xml version="1.0" encoding="UTF-8"?>
<!-- Generated by org.testng.reporters.JUnitReportReporter -->
<testsuite hostname="SPMUMLAP-087" failures="0" tests="1" name="com.test.user.Recovery.AllScenarios_ProcessSheet" time="285.611" errors="0" timestamp="2024-01-19T12:28:42 IST" skipped="0">
  <testcase classname="com.test.user.Recovery.AllScenarios_ProcessSheet" name="RUNALL" time="285.611"/>
  <system-out/>
</testsuite> <!-- com.test.user.Recovery.AllScenarios_ProcessSheet -->
