<?xml version="1.0" encoding="UTF-8"?>
<!-- Generated by org.testng.reporters.JUnitReportReporter -->
<testsuite hostname="SPMUMLAP-087" failures="0" tests="1" name="com.test.user.Recovery.AllScenarios_TimesheetListModule" time="87.761" errors="0" timestamp="2024-10-15T16:10:47 IST" skipped="0">
  <testcase classname="com.test.user.Recovery.AllScenarios_TimesheetListModule" name="RUNALL" time="87.761"/>
</testsuite> <!-- com.test.user.Recovery.AllScenarios_TimesheetListModule -->
