<?xml version="1.0" encoding="UTF-8"?>
<!-- Generated by org.testng.reporters.JUnitReportReporter -->
<testsuite hostname="SPMUMLAP-087" failures="0" tests="1" name="com.test.user.Project_Allocation.AllScenarios_Project_MyAllocation" time="234.674" errors="0" timestamp="2022-07-19T19:02:53 IST" skipped="0">
  <testcase classname="com.test.user.Project_Allocation.AllScenarios_Project_MyAllocation" name="RUNALL" time="234.674"/>
  <system-out/>
</testsuite> <!-- com.test.user.Project_Allocation.AllScenarios_Project_MyAllocation -->
