<?xml version="1.0" encoding="UTF-8"?>
<!-- Generated by org.testng.reporters.JUnitReportReporter -->
<testsuite hostname="SPMUMLAP-087" failures="0" tests="1" name="com.test.user.TimesheetModule.AllScenarios_TimeSheet_Dashboard" time="42.641" errors="0" timestamp="2022-07-01T11:31:56 IST" skipped="0">
  <testcase classname="com.test.user.TimesheetModule.AllScenarios_TimeSheet_Dashboard" name="RUNALL" time="42.641"/>
  <system-out/>
</testsuite> <!-- com.test.user.TimesheetModule.AllScenarios_TimeSheet_Dashboard -->
