<?xml version="1.0" encoding="UTF-8"?>
<!-- Generated by org.testng.reporters.JUnitReportReporter -->
<testsuite hostname="SPMUMLAP-070" failures="0" tests="1" name="com.test.BusinessInformation_Modules.Existing_Liability_AllScenarios" time="159.904" errors="0" timestamp="2025-01-02T16:57:27 IST" skipped="0">
  <testcase classname="com.test.BusinessInformation_Modules.Existing_Liability_AllScenarios" name="RUNALL" time="159.904"/>
</testsuite> <!-- com.test.BusinessInformation_Modules.Existing_Liability_AllScenarios -->
