<?xml version="1.0" encoding="UTF-8"?>
<!-- Generated by org.testng.reporters.JUnitReportReporter -->
<testsuite hostname="SPMUMLAP-087" failures="0" tests="1" name="com.test.user.Project_Allocation.AllScenarios_Project_Allocation_AllocationDetails" time="124.435" errors="0" timestamp="2022-07-20T13:58:47 IST" skipped="0">
  <testcase classname="com.test.user.Project_Allocation.AllScenarios_Project_Allocation_AllocationDetails" name="RUNALL" time="124.435"/>
  <system-out/>
</testsuite> <!-- com.test.user.Project_Allocation.AllScenarios_Project_Allocation_AllocationDetails -->
