<?xml version="1.0" encoding="UTF-8"?>
<!-- Generated by org.testng.reporters.JUnitReportReporter -->
<testsuite hostname="SPMUMLAP-070" failures="0" tests="1" name="com.test.BusinessInformation_Modules.Document_Upload_AllScenarios" time="58.779" errors="0" timestamp="2025-01-16T17:13:35 IST" skipped="0">
  <testcase classname="com.test.BusinessInformation_Modules.Document_Upload_AllScenarios" name="RUNALL" time="58.779"/>
</testsuite> <!-- com.test.BusinessInformation_Modules.Document_Upload_AllScenarios -->
