<?xml version="1.0" encoding="UTF-8"?>
<!-- Generated by org.testng.reporters.JUnitReportReporter -->
<testsuite hostname="SPMUMLAP-087" failures="0" tests="2" name="com.test.user.Project_ProjectModule.AllScenarios_Project_CreateProject" time="223.671" errors="0" timestamp="2022-08-03T12:14:40 IST" skipped="0">
  <testcase classname="com.test.user.Project_ProjectModule.AllScenarios_Project_CreateProject" name="RUNALL" time="223.669"/>
  <system-out/>
  <testcase classname="com.test.user.Project_ProjectModule.AllScenarios_Project_CreateProject" name="RUNALL" time="0.002"/>
  <system-out/>
</testsuite> <!-- com.test.user.Project_ProjectModule.AllScenarios_Project_CreateProject -->
