<?xml version="1.0" encoding="UTF-8"?>
<!-- Generated by org.testng.reporters.JUnitReportReporter -->
<testsuite hostname="SPMUMLAP-070" failures="0" tests="2" name="com.test.BusinessInformation_Modules.Project_Details_AllScenarios" time="190.882" errors="0" timestamp="2025-01-02T17:21:45 IST" skipped="0">
  <testcase classname="com.test.BusinessInformation_Modules.Project_Details_AllScenarios" name="RUNALL" time="190.879"/>
  <testcase classname="com.test.BusinessInformation_Modules.Project_Details_AllScenarios" name="RUNALL" time="0.003"/>
</testsuite> <!-- com.test.BusinessInformation_Modules.Project_Details_AllScenarios -->
