<?xml version="1.0" encoding="UTF-8"?>
<!-- Generated by org.testng.reporters.JUnitReportReporter -->
<testsuite hostname="SPMUMLAP-070" failures="0" tests="1" name="com.test.BusinessInformation_Modules.Security_Plant_Machinary_AllScenarios" time="54.828" errors="0" timestamp="2025-01-27T17:38:20 IST" skipped="0">
  <testcase classname="com.test.BusinessInformation_Modules.Security_Plant_Machinary_AllScenarios" name="RUNALL" time="54.828"/>
</testsuite> <!-- com.test.BusinessInformation_Modules.Security_Plant_Machinary_AllScenarios -->
