<?xml version="1.0" encoding="UTF-8"?>
<!-- Generated by org.testng.reporters.JUnitReportReporter -->
<testsuite hostname="SPMUMLAP-087" failures="0" tests="1" name="com.test.user.Recovery.AllScenarios_ProcessSheet_AccountsTab" time="126.013" errors="0" timestamp="2024-01-09T18:12:19 IST" skipped="0">
  <testcase classname="com.test.user.Recovery.AllScenarios_ProcessSheet_AccountsTab" name="RUNALL" time="126.013"/>
  <system-out/>
</testsuite> <!-- com.test.user.Recovery.AllScenarios_ProcessSheet_AccountsTab -->
