<?xml version="1.0" encoding="UTF-8"?>
<!-- Generated by org.testng.reporters.JUnitReportReporter -->
<testsuite hostname="SPMUMLAP-087" failures="0" tests="2" name="com.test.LeaveModule.AllScenarios_EWCLeaveModule" time="153.222" errors="0" timestamp="2024-11-05T18:10:29 IST" skipped="0">
  <testcase classname="com.test.LeaveModule.AllScenarios_EWCLeaveModule" name="RUNALL" time="0.002"/>
  <testcase classname="com.test.LeaveModule.AllScenarios_EWCLeaveModule" name="RUNALL" time="153.220"/>
</testsuite> <!-- com.test.LeaveModule.AllScenarios_EWCLeaveModule -->
