<?xml version="1.0" encoding="UTF-8"?>
<!-- Generated by org.testng.reporters.JUnitReportReporter -->
<testsuite hostname="SPMUMLAP-070" failures="0" tests="1" name="com.test.BusinessInformation_Modules.Entity_Details_AllScenarios" time="515.305" errors="0" timestamp="2025-01-02T18:20:19 IST" skipped="0">
  <testcase classname="com.test.BusinessInformation_Modules.Entity_Details_AllScenarios" name="RUNALL" time="515.305"/>
</testsuite> <!-- com.test.BusinessInformation_Modules.Entity_Details_AllScenarios -->
