<?xml version="1.0" encoding="UTF-8"?>
<!-- Generated by org.testng.reporters.JUnitReportReporter -->
<testsuite hostname="SPMUMLAP-087" failures="0" tests="1" name="com.test.user.TimesheetModule.AllScenarios_TimesheetEditDeleteModule" time="191.168" errors="0" timestamp="2024-11-06T15:48:06 IST" skipped="0">
  <testcase classname="com.test.user.TimesheetModule.AllScenarios_TimesheetEditDeleteModule" name="RUNALL" time="191.168"/>
</testsuite> <!-- com.test.user.TimesheetModule.AllScenarios_TimesheetEditDeleteModule -->
