<?xml version="1.0" encoding="UTF-8"?>
<!-- Generated by org.testng.reporters.JUnitReportReporter -->
<testsuite hostname="SPMUMLAP-070" failures="0" tests="1" name="com.test.BusinessInformation_Modules.Project_Cost_Verification_AllScenarios" time="448.958" errors="0" timestamp="2025-01-10T11:21:46 IST" skipped="0">
  <testcase classname="com.test.BusinessInformation_Modules.Project_Cost_Verification_AllScenarios" name="RUNALL" time="448.958"/>
</testsuite> <!-- com.test.BusinessInformation_Modules.Project_Cost_Verification_AllScenarios -->
