<?xml version="1.0" encoding="UTF-8"?>
<!-- Generated by org.testng.reporters.JUnitReportReporter -->
<testsuite hostname="SPMUMLAP-087" failures="0" tests="1" name="com.test.user.TimesheetModule.AllScenarios_TimeSheet_CancelRequests" time="111.481" errors="0" timestamp="2022-06-28T19:12:09 IST" skipped="0">
  <testcase classname="com.test.user.TimesheetModule.AllScenarios_TimeSheet_CancelRequests" name="RUNALL" time="111.481"/>
  <system-out/>
</testsuite> <!-- com.test.user.TimesheetModule.AllScenarios_TimeSheet_CancelRequests -->
