<?xml version="1.0" encoding="UTF-8"?>
<!-- Generated by org.testng.reporters.JUnitReportReporter -->
<testsuite hostname="SPMUMLAP-070" failures="0" tests="1" name="com.test.BusinessInformation_Modules.Business_Information_AllScenarios" time="240.617" errors="0" timestamp="2025-01-02T16:23:24 IST" skipped="0">
  <testcase classname="com.test.BusinessInformation_Modules.Business_Information_AllScenarios" name="RUNALL" time="240.617"/>
</testsuite> <!-- com.test.BusinessInformation_Modules.Business_Information_AllScenarios -->
