<?xml version="1.0" encoding="UTF-8"?>
<!-- Generated by org.testng.reporters.JUnitReportReporter -->
<testsuite hostname="SPMUMLAP-087" failures="0" tests="1" name="com.test.user.ProjectsModule.AllScenarios_Projects_Dashboard" time="45.217" errors="0" timestamp="2022-06-27T14:35:17 IST" skipped="0">
  <testcase classname="com.test.user.ProjectsModule.AllScenarios_Projects_Dashboard" name="RUNALL" time="45.217"/>
  <system-out/>
</testsuite> <!-- com.test.user.ProjectsModule.AllScenarios_Projects_Dashboard -->
