<?xml version="1.0" encoding="UTF-8"?>
<!-- Generated by org.testng.reporters.JUnitReportReporter -->
<testsuite hostname="SPCOKLAP-5333" failures="0" tests="1" name="com.test.user.AllScenarios_TimeSheet_CancelRequests" time="239.577" errors="0" timestamp="2022-06-14T17:38:27 IST" skipped="0">
  <testcase classname="com.test.user.AllScenarios_TimeSheet_CancelRequests" name="RUNALL" time="239.577"/>
  <system-out/>
</testsuite> <!-- com.test.user.AllScenarios_TimeSheet_CancelRequests -->
