<?xml version="1.0" encoding="UTF-8"?>
<!-- Generated by org.testng.reporters.JUnitReportReporter -->
<testsuite hostname="SPMUMLAP-070" failures="0" tests="1" name="com.test.BusinessInformation_Modules.Business_Entrepreneur_Details_AllScenarios" time="325.648" errors="0" timestamp="2025-01-08T10:50:48 IST" skipped="0">
  <testcase classname="com.test.BusinessInformation_Modules.Business_Entrepreneur_Details_AllScenarios" name="RUNALL" time="325.648"/>
</testsuite> <!-- com.test.BusinessInformation_Modules.Business_Entrepreneur_Details_AllScenarios -->
