<?xml version="1.0" encoding="UTF-8"?>
<!-- Generated by org.testng.reporters.JUnitReportReporter -->
<testsuite hostname="SPMUMLAP-087" failures="0" tests="2" name="com.test.user.Project_ProjectModule.AllScenarios_Project_ProjectList" time="121.748" errors="0" timestamp="2022-07-28T17:45:24 IST" skipped="0">
  <testcase classname="com.test.user.Project_ProjectModule.AllScenarios_Project_ProjectList" name="RUNALL" time="121.747"/>
  <system-out/>
  <testcase classname="com.test.user.Project_ProjectModule.AllScenarios_Project_ProjectList" name="RUNALL" time="0.001"/>
  <system-out/>
</testsuite> <!-- com.test.user.Project_ProjectModule.AllScenarios_Project_ProjectList -->
