<?xml version="1.0" encoding="UTF-8"?>
<!-- Generated by org.testng.reporters.JUnitReportReporter -->
<testsuite hostname="SPMUMLAP-087" failures="0" tests="1" name="com.test.user.TimesheetModule.AllScenarios_Timesheet_ManageTimesheet" time="235.651" errors="0" timestamp="2022-06-27T09:06:18 IST" skipped="0">
  <testcase classname="com.test.user.TimesheetModule.AllScenarios_Timesheet_ManageTimesheet" name="RUNALL" time="235.651"/>
  <system-out/>
</testsuite> <!-- com.test.user.TimesheetModule.AllScenarios_Timesheet_ManageTimesheet -->
