<?xml version="1.0" encoding="UTF-8"?>
<!-- Generated by org.testng.reporters.JUnitReportReporter -->
<testsuite hostname="TCCOKLAP-5162" failures="0" tests="1" name="com.test.BusinessInformation_Modules.MeansOfFinance_AllScenarios" time="34.667" errors="0" timestamp="2025-01-29T15:56:22 IST" skipped="0">
  <testcase classname="com.test.BusinessInformation_Modules.MeansOfFinance_AllScenarios" name="RUNALL" time="34.667"/>
  <system-out/>
</testsuite> <!-- com.test.BusinessInformation_Modules.MeansOfFinance_AllScenarios -->
