<?xml version="1.0" encoding="UTF-8"?>
<!-- Generated by org.testng.reporters.JUnitReportReporter -->
<testsuite hostname="TCCOKLAP-5162" failures="0" tests="1" name="com.test.BusinessInformation_Modules.Collateral_Security_AllScenarios" time="199.462" errors="0" timestamp="2025-03-10T13:01:27 IST" skipped="0">
  <testcase classname="com.test.BusinessInformation_Modules.Collateral_Security_AllScenarios" name="RUNALL" time="199.462"/>
  <system-out/>
</testsuite> <!-- com.test.BusinessInformation_Modules.Collateral_Security_AllScenarios -->
