<?xml version="1.0" encoding="UTF-8"?>
<!-- Generated by org.testng.reporters.JUnitReportReporter -->
<testsuite hostname="SPMUMLAP-087" failures="0" tests="1" name="com.test.user.TimesheetModule.AllScenarios_Timesheet_TimesheetOnBehalf" time="74.795" errors="0" timestamp="2022-06-30T12:52:16 IST" skipped="0">
  <testcase classname="com.test.user.TimesheetModule.AllScenarios_Timesheet_TimesheetOnBehalf" name="RUNALL" time="74.795"/>
  <system-out/>
</testsuite> <!-- com.test.user.TimesheetModule.AllScenarios_Timesheet_TimesheetOnBehalf -->
