<?xml version="1.0" encoding="UTF-8"?>
<!-- Generated by org.testng.reporters.JUnitReportReporter -->
<testsuite hostname="SPMUMLAP-087" failures="0" tests="1" name="com.test.user.Project_Allocation.AllScenarios_Project_Allocation_PMOApproval" time="113.515" errors="0" timestamp="2022-07-22T12:10:48 IST" skipped="0">
  <testcase classname="com.test.user.Project_Allocation.AllScenarios_Project_Allocation_PMOApproval" name="RUNALL" time="113.515"/>
  <system-out/>
</testsuite> <!-- com.test.user.Project_Allocation.AllScenarios_Project_Allocation_PMOApproval -->
