<?xml version="1.0" encoding="UTF-8"?>
<!-- Generated by org.testng.reporters.JUnitReportReporter -->
<testsuite hostname="SPCOKLAP-5333" failures="0" tests="1" name="com.test.user.AllScenarios_Timesheet_TimesheetOnBehalf" time="171.505" errors="0" timestamp="2022-06-13T15:14:06 IST" skipped="0">
  <testcase classname="com.test.user.AllScenarios_Timesheet_TimesheetOnBehalf" name="RUNALL" time="171.505"/>
  <system-out/>
</testsuite> <!-- com.test.user.AllScenarios_Timesheet_TimesheetOnBehalf -->
