<?xml version="1.0" encoding="UTF-8"?>
<!-- Generated by org.testng.reporters.JUnitReportReporter -->
<testsuite hostname="SPMUMLAP-087" failures="0" tests="1" name="com.test.user.Recovery.AllScenarios_Steps" time="99.616" errors="0" timestamp="2024-10-10T16:03:56 IST" skipped="0">
  <testcase classname="com.test.user.Recovery.AllScenarios_Steps" name="RUNALL" time="99.616"/>
</testsuite> <!-- com.test.user.Recovery.AllScenarios_Steps -->
