<?xml version="1.0" encoding="UTF-8"?>
<!-- Generated by org.testng.reporters.JUnitReportReporter -->
<testsuite hostname="SPCLTLAP-0337" failures="0" tests="1" name="com.test.BusinessInformation_Modules.Application_Summary_Basic_Info_AllScenarios" time="183.035" errors="0" timestamp="2025-03-19T16:14:11 IST" skipped="0">
  <testcase classname="com.test.BusinessInformation_Modules.Application_Summary_Basic_Info_AllScenarios" name="RUNALL" time="183.035"/>
  <system-out/>
</testsuite> <!-- com.test.BusinessInformation_Modules.Application_Summary_Basic_Info_AllScenarios -->
