<?xml version="1.0" encoding="UTF-8"?>
<!-- Generated by org.testng.reporters.JUnitReportReporter -->
<testsuite hostname="TCCOKLAP-5162" failures="0" tests="1" name="com.test.BusinessInformation_Modules.Security_Land_AllScenarios" time="62.838" errors="0" timestamp="2025-02-17T15:26:30 IST" skipped="0">
  <testcase classname="com.test.BusinessInformation_Modules.Security_Land_AllScenarios" name="RUNALL" time="62.838"/>
  <system-out/>
</testsuite> <!-- com.test.BusinessInformation_Modules.Security_Land_AllScenarios -->
