<?xml version="1.0" encoding="UTF-8"?>
<!-- Generated by org.testng.reporters.JUnitReportReporter -->
<testsuite hostname="SPMUMLAP-087" failures="0" tests="1" name="com.test.user.Project_ProjectModule.AllScenarios_Project_ExtensionRequestList" time="115.630" errors="0" timestamp="2022-07-28T17:50:18 IST" skipped="0">
  <testcase classname="com.test.user.Project_ProjectModule.AllScenarios_Project_ExtensionRequestList" name="RUNALL" time="115.630"/>
  <system-out/>
</testsuite> <!-- com.test.user.Project_ProjectModule.AllScenarios_Project_ExtensionRequestList -->
