<?xml version="1.0" encoding="UTF-8"?>
<!-- Generated by org.testng.reporters.JUnitReportReporter -->
<testsuite hostname="SPMUMLAP-087" failures="0" tests="1" name="com.test.user.TimesheetModule.AllScenarios_TimesheetCreateModule" time="741.773" errors="0" timestamp="2024-11-06T15:07:32 IST" skipped="0">
  <testcase classname="com.test.user.TimesheetModule.AllScenarios_TimesheetCreateModule" name="RUNALL" time="741.773"/>
</testsuite> <!-- com.test.user.TimesheetModule.AllScenarios_TimesheetCreateModule -->
