<?xml version="1.0" encoding="UTF-8"?>
<!-- Generated by org.testng.reporters.JUnitReportReporter -->
<testsuite hostname="SPCLTLAP-0337" failures="0" tests="1" name="com.test.Login.Registration_Process_AllScenarios" time="142.631" errors="0" timestamp="2024-12-09T12:37:20 IST" skipped="0">
  <testcase classname="com.test.Login.Registration_Process_AllScenarios" name="RUNALL" time="142.631"/>
  <system-out/>
</testsuite> <!-- com.test.Login.Registration_Process_AllScenarios -->
