<?xml version="1.0" encoding="UTF-8"?>
<!-- Generated by org.testng.reporters.JUnitReportReporter -->
<testsuite hostname="SPCOKLAP-5333" failures="0" tests="1" name="com.test.user.AllScenarios_Timesheet_ManageTimesheet" time="228.391" errors="0" timestamp="2022-06-21T11:02:40 IST" skipped="0">
  <testcase classname="com.test.user.AllScenarios_Timesheet_ManageTimesheet" name="RUNALL" time="228.391"/>
  <system-out/>
</testsuite> <!-- com.test.user.AllScenarios_Timesheet_ManageTimesheet -->
