<?xml version="1.0" encoding="UTF-8"?>
<!-- Generated by org.testng.reporters.JUnitReportReporter -->
<testsuite hostname="TCCOKLAP-5162" failures="0" tests="1" name="com.test.BusinessInformation_Modules.Collateral_Security_AllScenarios" time="162.335" errors="0" timestamp="2025-02-28T12:59:23 IST" skipped="0">
  <testcase classname="com.test.BusinessInformation_Modules.Collateral_Security_AllScenarios" name="RUNALL" time="162.335"/>
  <system-out/>
</testsuite> <!-- com.test.BusinessInformation_Modules.Collateral_Security_AllScenarios -->
