<?xml version="1.0" encoding="UTF-8"?>
<!-- Generated by org.testng.reporters.JUnitReportReporter -->
<testsuite hostname="SPCOKLAP-5333" failures="0" tests="1" name="com.test.user.AllScenarios_TimeSheet_Dashboard" time="97.368" errors="0" timestamp="2022-06-06T10:47:55 IST" skipped="0">
  <testcase classname="com.test.user.AllScenarios_TimeSheet_Dashboard" name="RUNALL" time="97.368"/>
  <system-out/>
</testsuite> <!-- com.test.user.AllScenarios_TimeSheet_Dashboard -->
