<?xml version="1.0" encoding="UTF-8"?>
<!-- Generated by org.testng.reporters.JUnitReportReporter -->
<testsuite hostname="TCCOKLAP-5162" failures="0" tests="1" name="com.test.BusinessInformation_Modules.Collateral_Security_AllScenarios" time="38.494" errors="0" timestamp="2025-03-14T11:38:01 IST" skipped="0">
  <testcase classname="com.test.BusinessInformation_Modules.Collateral_Security_AllScenarios" name="RUNALL" time="38.494"/>
  <system-out/>
</testsuite> <!-- com.test.BusinessInformation_Modules.Collateral_Security_AllScenarios -->
