<?xml version="1.0" encoding="UTF-8"?>
<!-- Generated by org.testng.reporters.JUnitReportReporter -->
<testsuite hostname="SPMUMLAP-070" failures="0" tests="1" name="com.test.BusinessInformation_Modules.Other_Share_Pattern_Details_AllScenarios" time="63.860" errors="0" timestamp="2024-12-31T13:30:58 IST" skipped="0">
  <testcase classname="com.test.BusinessInformation_Modules.Other_Share_Pattern_Details_AllScenarios" name="RUNALL" time="63.860"/>
</testsuite> <!-- com.test.BusinessInformation_Modules.Other_Share_Pattern_Details_AllScenarios -->
