<?xml version="1.0" encoding="UTF-8"?>
<!-- Generated by org.testng.reporters.JUnitReportReporter -->
<testsuite hostname="SPMUMLAP-087" failures="0" tests="1" name="com.test.user.ProjectsModule.AllScenarios_Projects_ClientRequestApproval" time="356.651" errors="0" timestamp="2022-07-05T13:01:47 IST" skipped="0">
  <testcase classname="com.test.user.ProjectsModule.AllScenarios_Projects_ClientRequestApproval" name="RUNALL" time="356.651"/>
  <system-out/>
</testsuite> <!-- com.test.user.ProjectsModule.AllScenarios_Projects_ClientRequestApproval -->
