<?xml version="1.0" encoding="UTF-8"?>
<!-- Generated by org.testng.reporters.JUnitReportReporter -->
<testsuite hostname="TCCOKLAP-5162" failures="0" tests="1" name="com.test.BusinessInformation_Modules.Security_Vehicle_AllScenarios" time="63.659" errors="0" timestamp="2025-02-18T16:47:47 IST" skipped="0">
  <testcase classname="com.test.BusinessInformation_Modules.Security_Vehicle_AllScenarios" name="RUNALL" time="63.659"/>
  <system-out/>
</testsuite> <!-- com.test.BusinessInformation_Modules.Security_Vehicle_AllScenarios -->
