<?xml version="1.0" encoding="UTF-8"?>
<!-- Generated by org.testng.reporters.JUnitReportReporter -->
<testsuite hostname="SPMUMLAP-116" failures="0" tests="1" name="com.test.BusinessInformation_Modules.Security_Personal_Guarantee_All_Scenarios" time="88.454" errors="0" timestamp="2025-02-19T11:58:44 IST" skipped="0">
  <testcase classname="com.test.BusinessInformation_Modules.Security_Personal_Guarantee_All_Scenarios" name="RUNALL" time="88.454"/>
  <system-out/>
</testsuite> <!-- com.test.BusinessInformation_Modules.Security_Personal_Guarantee_All_Scenarios -->
