<?xml version="1.0" encoding="UTF-8"?>
<!-- Generated by org.testng.reporters.JUnitReportReporter -->
<testsuite hostname="SPMUMLAP-087" failures="0" tests="2" name="com.test.user.Project_ProjectModule.AllScenarios_Project_QuickOnBoard_QuickApproval" time="387.870" errors="0" timestamp="2022-07-19T10:57:11 IST" skipped="0">
  <testcase classname="com.test.user.Project_ProjectModule.AllScenarios_Project_QuickOnBoard_QuickApproval" name="RUNALL" time="0.002"/>
  <system-out/>
  <testcase classname="com.test.user.Project_ProjectModule.AllScenarios_Project_QuickOnBoard_QuickApproval" name="RUNALL" time="387.868"/>
  <system-out/>
</testsuite> <!-- com.test.user.Project_ProjectModule.AllScenarios_Project_QuickOnBoard_QuickApproval -->
