<?xml version="1.0" encoding="UTF-8"?>
<!-- Generated by org.testng.reporters.JUnitReportReporter -->
<testsuite hostname="SPMUMLAP-070" failures="0" tests="1" name="com.test.BusinessInformation_Modules.Entity_Details_AllScenarios" time="60.284" errors="0" timestamp="2024-12-26T17:09:38 IST" skipped="0">
  <testcase classname="com.test.BusinessInformation_Modules.Entity_Details_AllScenarios" name="RUNALL" time="60.284"/>
</testsuite> <!-- com.test.BusinessInformation_Modules.Entity_Details_AllScenarios -->
