<?xml version="1.0" encoding="UTF-8"?>
<!-- Generated by org.testng.reporters.JUnitReportReporter -->
<testsuite hostname="SPMUMLAP-087" failures="0" tests="2" name="com.test.user.Project_ProjectModule.AllScenarios_Project_CreateReq_PmoApproval" time="234.116" errors="0" timestamp="2022-08-03T12:36:27 IST" skipped="0">
  <testcase classname="com.test.user.Project_ProjectModule.AllScenarios_Project_CreateReq_PmoApproval" name="RUNALL" time="0.001"/>
  <system-out/>
  <testcase classname="com.test.user.Project_ProjectModule.AllScenarios_Project_CreateReq_PmoApproval" name="RUNALL" time="234.115"/>
  <system-out/>
</testsuite> <!-- com.test.user.Project_ProjectModule.AllScenarios_Project_CreateReq_PmoApproval -->
