<?xml version="1.0" encoding="UTF-8"?>
<!-- Generated by org.testng.reporters.JUnitReportReporter -->
<testsuite hostname="SPMUMLAP-070" failures="0" tests="1" name="com.test.BusinessInformation_Modules.Entrepreneur_Details_AllScenarios" time="85.422" errors="0" timestamp="2024-12-23T14:56:39 IST" skipped="0">
  <testcase classname="com.test.BusinessInformation_Modules.Entrepreneur_Details_AllScenarios" name="RUNALL" time="85.422"/>
</testsuite> <!-- com.test.BusinessInformation_Modules.Entrepreneur_Details_AllScenarios -->
