<?xml version="1.0" encoding="UTF-8"?>
<!-- Generated by org.testng.reporters.JUnitReportReporter -->
<testsuite hostname="TCCOKLAP-5162" failures="0" tests="1" name="com.test.BusinessInformation_Modules.Security_Vehicle_AllScenarios" time="70.656" errors="0" timestamp="2025-02-17T14:11:02 IST" skipped="0">
  <testcase classname="com.test.BusinessInformation_Modules.Security_Vehicle_AllScenarios" name="RUNALL" time="70.656"/>
  <system-out/>
</testsuite> <!-- com.test.BusinessInformation_Modules.Security_Vehicle_AllScenarios -->
