<?xml version="1.0" encoding="UTF-8"?>
<!-- Generated by org.testng.reporters.JUnitReportReporter -->
<testsuite hostname="SPCLTLAP-0337" failures="0" tests="1" name="com.test.Login.UserLogin" time="238.618" errors="0" timestamp="2024-12-09T10:54:49 IST" skipped="0">
  <testcase classname="com.test.Login.UserLogin" name="RUNALL" time="238.618"/>
  <system-out/>
</testsuite> <!-- com.test.Login.UserLogin -->
