<?xml version="1.0" encoding="UTF-8"?>
<!-- Generated by org.testng.reporters.JUnitReportReporter -->
<testsuite hostname="SPMUMLAP-087" failures="0" tests="3" name="com.test.LeaveModule.AllScenarios_LeaveModule" time="116.318" errors="0" timestamp="2024-10-27T20:30:11 IST" skipped="0">
  <testcase classname="com.test.LeaveModule.AllScenarios_LeaveModule" name="RUNALL" time="116.316"/>
  <testcase classname="com.test.LeaveModule.AllScenarios_LeaveModule" name="RUNALL" time="0.001"/>
  <testcase classname="com.test.LeaveModule.AllScenarios_LeaveModule" name="RUNALL" time="0.001"/>
</testsuite> <!-- com.test.LeaveModule.AllScenarios_LeaveModule -->
