<?xml version="1.0" encoding="UTF-8"?>
<!-- Generated by org.testng.reporters.JUnitReportReporter -->
<testsuite hostname="SPCOKLAP-5333" failures="0" tests="1" name="com.test.user.AllScenarios_ServiceRequest" time="529.311" errors="0" timestamp="2022-04-06T19:42:29 IST" skipped="0">
  <testcase classname="com.test.user.AllScenarios_ServiceRequest" name="RUNALL" time="529.311"/>
  <system-out/>
</testsuite> <!-- com.test.user.AllScenarios_ServiceRequest -->
