<?xml version="1.0" encoding="UTF-8"?>
<!-- Generated by org.testng.reporters.JUnitReportReporter -->
<testsuite hostname="SPMUMLAP-087" failures="0" tests="1" name="com.test.user.Project_ClientModule.AllScenarios_Projects_ClientRequestApproval" time="314.859" errors="0" timestamp="2022-07-25T14:10:50 IST" skipped="0">
  <testcase classname="com.test.user.Project_ClientModule.AllScenarios_Projects_ClientRequestApproval" name="RUNALL" time="314.859"/>
  <system-out/>
</testsuite> <!-- com.test.user.Project_ClientModule.AllScenarios_Projects_ClientRequestApproval -->
