<?xml version="1.0" encoding="UTF-8"?>
<!-- Generated by org.testng.reporters.JUnitReportReporter -->
<testsuite hostname="SPMUMLAP-116" failures="0" tests="1" name="com.test.BusinessInformation_Modules.Security_Summary_All_Scenarios" time="53.183" errors="0" timestamp="2025-02-20T18:50:04 IST" skipped="0">
  <testcase classname="com.test.BusinessInformation_Modules.Security_Summary_All_Scenarios" name="RUNALL" time="53.183"/>
  <system-out/>
</testsuite> <!-- com.test.BusinessInformation_Modules.Security_Summary_All_Scenarios -->
