<?xml version="1.0" encoding="UTF-8"?>
<!-- Generated by org.testng.reporters.JUnitReportReporter -->
<testsuite hostname="SPCOKLAP-5333" failures="0" tests="1" name="com.test.user.AllScenarios_Timesheet_TransferTimesheet" time="460.871" errors="0" timestamp="2022-06-17T17:07:39 IST" skipped="0">
  <testcase classname="com.test.user.AllScenarios_Timesheet_TransferTimesheet" name="RUNALL" time="460.871"/>
  <system-out/>
</testsuite> <!-- com.test.user.AllScenarios_Timesheet_TransferTimesheet -->
