<?xml version="1.0" encoding="UTF-8"?>
<!-- Generated by org.testng.reporters.JUnitReportReporter -->
<testsuite hostname="SPMUMLAP-087" failures="0" tests="1" name="com.test.user.Project_Allocation.AllScenarios_Project_ManageAllocation" time="382.652" errors="0" timestamp="2022-07-22T12:04:38 IST" skipped="0">
  <testcase classname="com.test.user.Project_Allocation.AllScenarios_Project_ManageAllocation" name="RUNALL" time="382.652"/>
  <system-out/>
</testsuite> <!-- com.test.user.Project_Allocation.AllScenarios_Project_ManageAllocation -->
