<?xml version="1.0" encoding="UTF-8"?>
<!-- Generated by org.testng.reporters.JUnitReportReporter -->
<testsuite hostname="SPMUMLAP-087" failures="0" tests="1" name="com.test.user.ProjectsModule.AllScenarios_Projects_ClientSavedRequest" time="429.331" errors="0" timestamp="2022-07-04T18:35:15 IST" skipped="0">
  <testcase classname="com.test.user.ProjectsModule.AllScenarios_Projects_ClientSavedRequest" name="RUNALL" time="429.331"/>
  <system-out/>
</testsuite> <!-- com.test.user.ProjectsModule.AllScenarios_Projects_ClientSavedRequest -->
