<?xml version="1.0" encoding="UTF-8"?>
<!-- Generated by org.testng.reporters.JUnitReportReporter -->
<testsuite hostname="SPMUMLAP-070" failures="0" tests="1" name="com.test.BusinessInformation_Modules.Project_Cost_Verification_AllScenarios" time="114.675" errors="0" timestamp="2025-01-13T11:47:03 IST" skipped="0">
  <testcase classname="com.test.BusinessInformation_Modules.Project_Cost_Verification_AllScenarios" name="RUNALL" time="114.675"/>
</testsuite> <!-- com.test.BusinessInformation_Modules.Project_Cost_Verification_AllScenarios -->
