<?xml version="1.0" encoding="UTF-8"?>
<!-- Generated by org.testng.reporters.JUnitReportReporter -->
<testsuite hostname="SPMUMLAP-087" failures="0" tests="1" name="com.test.user.Project_InvoiceRequest.AllScenarios_Project_FixedProjectsApproval" time="222.427" errors="0" timestamp="2022-07-26T14:38:27 IST" skipped="0">
  <testcase classname="com.test.user.Project_InvoiceRequest.AllScenarios_Project_FixedProjectsApproval" name="RUNALL" time="222.427"/>
  <system-out/>
</testsuite> <!-- com.test.user.Project_InvoiceRequest.AllScenarios_Project_FixedProjectsApproval -->
