<?xml version="1.0" encoding="UTF-8"?>
<!-- Generated by org.testng.reporters.JUnitReportReporter -->
<testsuite hostname="SPCOKLAP-5333" failures="0" tests="1" name="com.test.user.AllScenarios_TimeSheet_MyTimesheet" time="1608.199" errors="0" timestamp="2022-06-06T14:12:48 IST" skipped="0">
  <testcase classname="com.test.user.AllScenarios_TimeSheet_MyTimesheet" name="RUNALL" time="1608.199"/>
  <system-out/>
</testsuite> <!-- com.test.user.AllScenarios_TimeSheet_MyTimesheet -->
