<?xml version="1.0" encoding="UTF-8"?>
<!-- Generated by org.testng.reporters.JUnitReportReporter -->
<testsuite hostname="SPMUMLAP-087" failures="0" tests="1" name="com.test.user.Recovery.AllScenarios_ProcessSheet_BorrowerTab" time="181.458" errors="0" timestamp="2024-01-09T18:08:03 IST" skipped="0">
  <testcase classname="com.test.user.Recovery.AllScenarios_ProcessSheet_BorrowerTab" name="RUNALL" time="181.458"/>
  <system-out/>
</testsuite> <!-- com.test.user.Recovery.AllScenarios_ProcessSheet_BorrowerTab -->
