<?xml version="1.0" encoding="UTF-8"?>
<!-- Generated by org.testng.reporters.JUnitReportReporter -->
<testsuite hostname="SPTVMLAP-1744" failures="0" tests="1" name="com.test.user.AllScenarios" time="150.411" errors="0" timestamp="2022-03-12T11:54:19 IST" skipped="0">
  <testcase classname="com.test.user.AllScenarios" name="RUNALL" time="150.411"/>
  <system-out/>
</testsuite> <!-- com.test.user.AllScenarios -->
