<?xml version="1.0" encoding="UTF-8"?>
<!-- Generated by org.testng.reporters.JUnitReportReporter -->
<testsuite hostname="SPMUMLAP-087" failures="0" tests="1" name="com.test.user.Project_Allocation.AllScenarios_Project_Allocation_ManageCoordinator" time="136.225" errors="0" timestamp="2022-07-22T16:28:10 IST" skipped="0">
  <testcase classname="com.test.user.Project_Allocation.AllScenarios_Project_Allocation_ManageCoordinator" name="RUNALL" time="136.225"/>
  <system-out/>
</testsuite> <!-- com.test.user.Project_Allocation.AllScenarios_Project_Allocation_ManageCoordinator -->
