<?xml version="1.0" encoding="UTF-8"?>
<!-- Generated by org.testng.reporters.JUnitReportReporter -->
<testsuite hostname="SPMUMLAP-070" failures="0" tests="1" name="com.test.BusinessInformation_Modules.Entrepreneur_Details_AllScenarios" time="46.270" errors="0" timestamp="2025-01-20T17:12:51 IST" skipped="0">
  <testcase classname="com.test.BusinessInformation_Modules.Entrepreneur_Details_AllScenarios" name="RUNALL" time="46.270"/>
</testsuite> <!-- com.test.BusinessInformation_Modules.Entrepreneur_Details_AllScenarios -->
