<?xml version="1.0" encoding="UTF-8"?>
<!-- Generated by org.testng.reporters.JUnitReportReporter -->
<testsuite hostname="SPMUMLAP-070" failures="0" tests="1" name="com.test.BusinessInformation_Modules.Basic_Information_AllScenarios" time="277.578" errors="0" timestamp="2025-01-02T16:51:27 IST" skipped="0">
  <testcase classname="com.test.BusinessInformation_Modules.Basic_Information_AllScenarios" name="RUNALL" time="277.578"/>
</testsuite> <!-- com.test.BusinessInformation_Modules.Basic_Information_AllScenarios -->
