<?xml version="1.0" encoding="UTF-8"?>
<!-- Generated by org.testng.reporters.JUnitReportReporter -->
<testsuite hostname="SPMUMLAP-087" failures="0" tests="1" name="com.test.user.Project_ClientModule.AllScenarios_Projects_QuickClientRequestApproval" time="217.574" errors="0" timestamp="2022-07-22T17:40:27 IST" skipped="0">
  <testcase classname="com.test.user.Project_ClientModule.AllScenarios_Projects_QuickClientRequestApproval" name="RUNALL" time="217.574"/>
  <system-out/>
</testsuite> <!-- com.test.user.Project_ClientModule.AllScenarios_Projects_QuickClientRequestApproval -->
