<?xml version="1.0" encoding="UTF-8"?>
<!-- Generated by org.testng.reporters.JUnitReportReporter -->
<testsuite hostname="SPMUMLAP-116" failures="0" tests="1" name="com.test.Login.Registration_Process_AllScenarios" time="118.743" errors="0" timestamp="2025-02-10T16:12:08 IST" skipped="0">
  <testcase classname="com.test.Login.Registration_Process_AllScenarios" name="RUNALL" time="118.743"/>
  <system-out/>
</testsuite> <!-- com.test.Login.Registration_Process_AllScenarios -->
