<<<<<<< HEAD
<?xml version="1.0" encoding="UTF-8"?>
<!-- Generated by org.testng.reporters.JUnitReportReporter -->
<testsuite hostname="TCCOKLAP-5162" failures="0" tests="1" name="com.test.BusinessInformation_Modules.MeansOfFinance_AllScenarios" time="34.667" errors="0" timestamp="2025-01-29T15:56:22 IST" skipped="0">
  <testcase classname="com.test.BusinessInformation_Modules.MeansOfFinance_AllScenarios" name="RUNALL" time="34.667"/>
  <system-out/>
</testsuite> <!-- com.test.BusinessInformation_Modules.MeansOfFinance_AllScenarios -->
=======
<?xml version="1.0" encoding="UTF-8"?>
<!-- Generated by org.testng.reporters.JUnitReportReporter -->
<testsuite hostname="SPCLTLAP-0337" failures="0" tests="1" name="com.test.BusinessInformation_Modules.MeansOfFinance_AllScenarios" time="110.426" errors="0" timestamp="2025-02-05T14:33:31 IST" skipped="0">
  <testcase classname="com.test.BusinessInformation_Modules.MeansOfFinance_AllScenarios" name="RUNALL" time="110.426"/>
  <system-out/>
</testsuite> <!-- com.test.BusinessInformation_Modules.MeansOfFinance_AllScenarios -->
>>>>>>> d0a4ff4895f796fb8583ec3e4c53fad619a240f5
