<?xml version="1.0" encoding="UTF-8"?>
<!-- Generated by org.testng.reporters.JUnitReportReporter -->
<testsuite hostname="SPCOKLAP-5333" failures="0" tests="1" name="com.test.user.AllScenarios_TimeSheet" time="1024.943" errors="0" timestamp="2022-06-01T19:49:16 IST" skipped="0">
  <testcase classname="com.test.user.AllScenarios_TimeSheet" name="RUNALL" time="1024.943"/>
  <system-out/>
</testsuite> <!-- com.test.user.AllScenarios_TimeSheet -->
