<?xml version="1.0" encoding="UTF-8"?>
<!-- Generated by org.testng.reporters.JUnitReportReporter -->
<testsuite hostname="SPMUMLAP-087" failures="0" tests="1" name="com.test.user.TimesheetModule.AllScenarios_TimeSheet_Approvals" time="136.456" errors="0" timestamp="2022-06-28T11:37:33 IST" skipped="0">
  <testcase classname="com.test.user.TimesheetModule.AllScenarios_TimeSheet_Approvals" name="RUNALL" time="136.456"/>
  <system-out/>
</testsuite> <!-- com.test.user.TimesheetModule.AllScenarios_TimeSheet_Approvals -->
