<?xml version="1.0" encoding="UTF-8"?>
<!-- Generated by org.testng.reporters.JUnitReportReporter -->
<testsuite hostname="SPCLTLAP-0337" failures="0" tests="1" name="com.test.Login.UserLogin" time="276.958" errors="0" timestamp="2024-11-27T10:25:38 IST" skipped="0">
  <testcase classname="com.test.Login.UserLogin" name="RUNALL" time="276.958"/>
  <system-out/>
</testsuite> <!-- com.test.Login.UserLogin -->
