<?xml version="1.0" encoding="UTF-8"?>
<!-- Generated by org.testng.reporters.JUnitReportReporter -->
<testsuite hostname="SPMUMLAP-070" failures="0" tests="1" name="com.test.BusinessInformation_Modules.Enterpreneur_Document_Upload_AllScenarios" time="78.891" errors="0" timestamp="2024-12-31T17:10:03 IST" skipped="0">
  <testcase classname="com.test.BusinessInformation_Modules.Enterpreneur_Document_Upload_AllScenarios" name="RUNALL" time="78.891"/>
</testsuite> <!-- com.test.BusinessInformation_Modules.Enterpreneur_Document_Upload_AllScenarios -->
