<?xml version="1.0" encoding="UTF-8"?>
<!-- Generated by org.testng.reporters.JUnitReportReporter -->
<testsuite hostname="SPMUMLAP-070" failures="0" tests="1" name="com.test.Login.Registration_Process_AllScenarios" time="134.886" errors="0" timestamp="2025-01-08T15:34:09 IST" skipped="0">
  <testcase classname="com.test.Login.Registration_Process_AllScenarios" name="RUNALL" time="134.886"/>
</testsuite> <!-- com.test.Login.Registration_Process_AllScenarios -->
