<?xml version="1.0" encoding="UTF-8"?>
<!-- Generated by org.testng.reporters.JUnitReportReporter -->
<testsuite hostname="SPMUMLAP-087" failures="0" tests="1" name="com.test.user.Recovery.AllScenarios_TimesheetWeekandMonth" time="111.487" errors="0" timestamp="2024-10-18T15:53:11 IST" skipped="0">
  <testcase classname="com.test.user.Recovery.AllScenarios_TimesheetWeekandMonth" name="RUNALL" time="111.487"/>
</testsuite> <!-- com.test.user.Recovery.AllScenarios_TimesheetWeekandMonth -->
