<?xml version="1.0" encoding="UTF-8"?>
<!-- Generated by org.testng.reporters.JUnitReportReporter -->
<testsuite hostname="SPCLTLAP-0337" failures="0" tests="1" name="com.test.BusinessInformation_Modules.Project_Details_AllScenarios" time="0.000" errors="0" timestamp="2024-12-11T12:50:59 IST" skipped="1">
  <testcase classname="com.test.BusinessInformation_Modules.Project_Details_AllScenarios" name="RUNALL" time="0.000">
    <skipped/>
  </testcase> <!-- RUNALL -->
  <system-out/>
</testsuite> <!-- com.test.BusinessInformation_Modules.Project_Details_AllScenarios -->
