<?xml version="1.0" encoding="UTF-8"?>
<!-- Generated by org.testng.reporters.JUnitReportReporter -->
<testsuite hostname="TCCOKLAP-5162" failures="0" tests="1" name="com.test.BusinessInformation_Modules.Security_Land_AllScenarios" time="73.014" errors="0" timestamp="2025-02-12T11:54:12 IST" skipped="0">
  <testcase classname="com.test.BusinessInformation_Modules.Security_Land_AllScenarios" name="RUNALL" time="73.014"/>
  <system-out/>
</testsuite> <!-- com.test.BusinessInformation_Modules.Security_Land_AllScenarios -->
