<?xml version="1.0" encoding="UTF-8"?>
<!-- Generated by org.testng.reporters.JUnitReportReporter -->
<testsuite hostname="SPMUMLAP-116" failures="0" tests="1" name="com.test.BusinessInformation_Modules.Security_MISC_Fixed_Assets_AllScenarios" time="72.427" errors="0" timestamp="2025-02-13T11:06:15 IST" skipped="0">
  <testcase classname="com.test.BusinessInformation_Modules.Security_MISC_Fixed_Assets_AllScenarios" name="RUNALL" time="72.427"/>
  <system-out/>
</testsuite> <!-- com.test.BusinessInformation_Modules.Security_MISC_Fixed_Assets_AllScenarios -->
