<?xml version="1.0" encoding="UTF-8"?>
<!-- Generated by org.testng.reporters.JUnitReportReporter -->
<testsuite hostname="SPCOKLAP-5333" failures="0" tests="1" name="com.test.user.AllScenarios_Home" time="33.646" errors="0" timestamp="2022-04-26T13:52:43 IST" skipped="0">
  <testcase classname="com.test.user.AllScenarios_Home" name="RUNALL" time="33.646"/>
  <system-out/>
</testsuite> <!-- com.test.user.AllScenarios_Home -->
