<?xml version="1.0" encoding="UTF-8"?>
<!-- Generated by org.testng.reporters.JUnitReportReporter -->
<testsuite hostname="SPMUMLAP-087" failures="0" tests="1" name="com.test.user.Project_InvoiceRequest.AllScenarios_Project_TandM_OverduePayment" time="150.879" errors="0" timestamp="2022-07-27T19:10:08 IST" skipped="0">
  <testcase classname="com.test.user.Project_InvoiceRequest.AllScenarios_Project_TandM_OverduePayment" name="RUNALL" time="150.879"/>
  <system-out/>
</testsuite> <!-- com.test.user.Project_InvoiceRequest.AllScenarios_Project_TandM_OverduePayment -->
