<?xml version="1.0" encoding="UTF-8"?>
<!-- Generated by org.testng.reporters.JUnitReportReporter -->
<testsuite hostname="SPMUMLAP-116" failures="0" tests="1" name="com.test.Login.UserLogin" time="0.000" errors="0" timestamp="2025-02-11T12:21:31 IST" skipped="1">
  <testcase classname="com.test.Login.UserLogin" name="RUNALL" time="0.000">
    <skipped/>
  </testcase> <!-- RUNALL -->
  <system-out/>
</testsuite> <!-- com.test.Login.UserLogin -->
