<?xml version="1.0" encoding="UTF-8"?>
<!-- Generated by org.testng.reporters.JUnitReportReporter -->
<testsuite hostname="SPMUMLAP-087" failures="0" tests="1" name="com.test.user.TimesheetModule.AllScenarios_Timesheet_TransferTimesheet" time="138.656" errors="0" timestamp="2022-06-30T22:31:53 IST" skipped="0">
  <testcase classname="com.test.user.TimesheetModule.AllScenarios_Timesheet_TransferTimesheet" name="RUNALL" time="138.656"/>
  <system-out/>
</testsuite> <!-- com.test.user.TimesheetModule.AllScenarios_Timesheet_TransferTimesheet -->
