<?xml version="1.0" encoding="UTF-8"?>
<!-- Generated by org.testng.reporters.JUnitReportReporter -->
<testsuite hostname="SPCLTLAP-0337" failures="0" tests="1" name="com.test.BusinessInformation_Modules.Tentative_Project_Cost_AllScenarios" time="168.089" errors="0" timestamp="2024-12-12T10:49:04 IST" skipped="0">
  <testcase classname="com.test.BusinessInformation_Modules.Tentative_Project_Cost_AllScenarios" name="RUNALL" time="168.089"/>
  <system-out/>
</testsuite> <!-- com.test.BusinessInformation_Modules.Tentative_Project_Cost_AllScenarios -->
