<?xml version="1.0" encoding="UTF-8"?>
<!-- Generated by org.testng.reporters.JUnitReportReporter -->
<testsuite hostname="SPMUMLAP-116" failures="0" tests="1" name="com.test.BusinessInformation_Modules.Security_Document_Upload_All_Scenarios" time="86.833" errors="0" timestamp="2025-02-28T14:50:52 IST" skipped="0">
  <testcase classname="com.test.BusinessInformation_Modules.Security_Document_Upload_All_Scenarios" name="RUNALL" time="86.833"/>
  <system-out/>
</testsuite> <!-- com.test.BusinessInformation_Modules.Security_Document_Upload_All_Scenarios -->
