<?xml version="1.0" encoding="UTF-8"?>
<!-- Generated by org.testng.reporters.JUnitReportReporter -->
<testsuite hostname="SPCLTLAP-0337" failures="0" tests="1" name="com.test.BusinessInformation_Modules.MeansOfFinance_AllScenarios" time="110.426" errors="0" timestamp="2025-02-05T14:33:31 IST" skipped="0">
  <testcase classname="com.test.BusinessInformation_Modules.MeansOfFinance_AllScenarios" name="RUNALL" time="110.426"/>
  <system-out/>
</testsuite> <!-- com.test.BusinessInformation_Modules.MeansOfFinance_AllScenarios -->
