<?xml version="1.0" encoding="UTF-8"?>
<!-- Generated by org.testng.reporters.JUnitReportReporter -->
<testsuite hostname="SPMUMLAP-087" failures="0" tests="1" name="com.test.user.Recovery.AllScenarios_Recovery_ProcessSheet_AccountsTab" time="79.382" errors="0" timestamp="2024-01-09T17:35:58 IST" skipped="0">
  <testcase classname="com.test.user.Recovery.AllScenarios_Recovery_ProcessSheet_AccountsTab" name="RUNALL" time="79.382"/>
  <system-out/>
</testsuite> <!-- com.test.user.Recovery.AllScenarios_Recovery_ProcessSheet_AccountsTab -->
