<?xml version="1.0" encoding="UTF-8"?>
<!-- Generated by org.testng.reporters.JUnitReportReporter -->
<testsuite hostname="SPMUMLAP-070" failures="0" tests="1" name="com.test.Login.Registration_Process_AllScenarios" time="136.334" errors="0" timestamp="2025-01-02T16:12:23 IST" skipped="0">
  <testcase classname="com.test.Login.Registration_Process_AllScenarios" name="RUNALL" time="136.334"/>
</testsuite> <!-- com.test.Login.Registration_Process_AllScenarios -->
