<?xml version="1.0" encoding="UTF-8"?>
<!-- Generated by org.testng.reporters.JUnitReportReporter -->
<testsuite hostname="SPMUMLAP-087" failures="0" tests="2" name="com.test.user.Project_ProjectModule.AllScenarios_Project_CreateReq_QuickApproval" time="548.326" errors="0" timestamp="2022-07-19T09:45:39 IST" skipped="0">
  <testcase classname="com.test.user.Project_ProjectModule.AllScenarios_Project_CreateReq_QuickApproval" name="RUNALL" time="548.325"/>
  <system-out/>
  <testcase classname="com.test.user.Project_ProjectModule.AllScenarios_Project_CreateReq_QuickApproval" name="RUNALL" time="0.001"/>
  <system-out/>
</testsuite> <!-- com.test.user.Project_ProjectModule.AllScenarios_Project_CreateReq_QuickApproval -->
